[2021/11/16 21:27:55] FLEX.pdf upload succeed!
[2021/11/16 21:27:59] FLEX.pdf upload succeed!
[2021/11/16 21:49:39] FLEX.pdf upload succeed!
[2021/11/16 21:50:39] FLEX.pdf upload succeed!
[2021/11/16 21:51:19] FLEX.pdf upload succeed!
[2021/11/16 21:51:29] FLEX.pdf upload succeed!
[2021/11/16 21:52:07] FLEX.pdf upload succeed!
[2021/11/16 21:52:54] 1.txt upload succeed!
[2021/11/16 21:56:47] 1.txt upload succeed!
[2021/11/16 21:56:54] 1.txt upload succeed!
[2021/11/16 21:56:57] 1.txt upload succeed!
[2021/11/16 21:57:27] FLEX.pdf upload succeed!
[2021/11/16 21:57:31] FLEX.pdf download succeed!
[2021/11/16 21:57:51] FLEX.pdf upload succeed!
[2021/11/16 21:57:57] FLEX.pdf download succeed!
[2021/11/16 22:01:28] FLEX.pdf upload succeed!
[2021/11/16 22:14:07] FLEX.pdf upload succeed!
[2021/11/16 22:14:24] FLEX.pdf upload succeed!
[2021/11/16 22:14:41] FLEX.pdf upload succeed!
[2021/11/16 22:16:36] FLEX.pdf upload succeed!
[2021/11/16 22:17:26] FLEX.pdf upload succeed!
[2021/11/16 22:18:30] FLEX.pdf upload succeed!
[2021/11/16 22:24:50] FLEX.pdf upload succeed!
[2021/11/16 22:25:16] FLEX.pdf upload succeed!
[2021/11/16 22:25:25] FLEX.pdf download succeed!
[2021/11/16 22:27:57] FLEX.pdf upload succeed!
[2021/11/16 22:28:29] FLEX.pdf upload succeed!
[2021/11/16 22:31:34] FLEX.pdf upload succeed!
[2021/11/16 22:32:48] FLEX.pdf upload succeed!
[2021/11/16 22:35:54] FLEX.pdf upload succeed!
[2021/11/16 22:36:08] FLEX.pdf upload succeed!
[2021/11/16 22:36:20] FLEX.pdf upload succeed!
[2021/11/16 22:37:31] FLEX.pdf upload succeed!
[2021/11/16 22:37:37] FLEX.pdf upload succeed!
[2021/11/16 22:37:40] FLEX.pdf upload succeed!
[2021/11/16 22:40:20] FLEX.pdf upload succeed!
[2021/11/16 22:41:08] FLEX.pdf download succeed!
[2021/11/16 22:41:28] FLEX.pdf download succeed!
[2021/11/16 22:47:02] FLEX.pdf upload succeed!
Resend0blks. Total size: 311793bits
[2021/11/16 22:47:13] FLEX.pdf download succeed!
Resend0blks. Total size: 311793bits
[2021/11/16 22:47:38] FLEX.pdf upload succeed!
Resend0blks. Total size: 311793bits
[2021/11/16 22:47:42] FLEX.pdf download succeed!
Resend 0 blks. Total size: 311793bits
